2021-06-09 21:29:29 [main] INFO  org.epam.multithreadingtask.factory.VanFactory- 2
2021-06-09 21:29:29 [main] INFO  org.epam.multithreadingtask.factory.VanFactory- 1
2021-06-09 21:29:29 [main] INFO  org.epam.multithreadingtask.factory.VanFactory- 1
2021-06-09 21:29:29 [main] INFO  org.epam.multithreadingtask.factory.VanFactory- 1
2021-06-09 21:29:29 [main] INFO  org.epam.multithreadingtask.factory.VanFactory- 1
2021-06-09 21:29:29 [main] INFO  org.epam.multithreadingtask.Main- 4
2021-06-09 21:29:29 [pool-2-thread-1] INFO  org.epam.multithreadingtask.entity.Terminal- Terminal 1 started processing van 5
2021-06-09 21:30:20 [main] INFO  org.epam.multithreadingtask.factory.VanFactory- 1
2021-06-09 21:30:20 [main] INFO  org.epam.multithreadingtask.factory.VanFactory- 2
2021-06-09 21:30:20 [main] INFO  org.epam.multithreadingtask.factory.VanFactory- 1
2021-06-09 21:30:20 [main] INFO  org.epam.multithreadingtask.factory.VanFactory- 1
2021-06-09 21:30:20 [main] INFO  org.epam.multithreadingtask.factory.VanFactory- 1
2021-06-09 21:30:20 [main] INFO  org.epam.multithreadingtask.factory.VanFactory- 1
2021-06-09 21:30:20 [main] INFO  org.epam.multithreadingtask.Main- 4
2021-06-09 21:30:20 [pool-2-thread-1] INFO  org.epam.multithreadingtask.entity.Terminal- Terminal 1 started processing van 5
2021-06-09 21:30:20 [pool-2-thread-1] INFO  org.epam.multithreadingtask.entity.Terminal- LOAD
2021-06-09 21:32:12 [main] INFO  org.epam.multithreadingtask.factory.VanFactory- 1
2021-06-09 21:32:12 [main] INFO  org.epam.multithreadingtask.factory.VanFactory- 2
2021-06-09 21:32:12 [main] INFO  org.epam.multithreadingtask.factory.VanFactory- 1
2021-06-09 21:32:12 [main] INFO  org.epam.multithreadingtask.factory.VanFactory- 1
2021-06-09 21:32:12 [main] INFO  org.epam.multithreadingtask.factory.VanFactory- 1
2021-06-09 21:32:12 [main] INFO  org.epam.multithreadingtask.factory.VanFactory- 1
2021-06-09 21:32:12 [main] INFO  org.epam.multithreadingtask.Main- 4
2021-06-09 21:32:12 [pool-2-thread-1] INFO  org.epam.multithreadingtask.entity.Terminal- Terminal 1 started processing van 5
2021-06-09 21:32:43 [main] INFO  org.epam.multithreadingtask.factory.VanFactory- 1
2021-06-09 21:32:43 [main] INFO  org.epam.multithreadingtask.factory.VanFactory- 2
2021-06-09 21:32:43 [main] INFO  org.epam.multithreadingtask.factory.VanFactory- 1
2021-06-09 21:32:43 [main] INFO  org.epam.multithreadingtask.factory.VanFactory- 1
2021-06-09 21:32:43 [main] INFO  org.epam.multithreadingtask.factory.VanFactory- 1
2021-06-09 21:32:43 [main] INFO  org.epam.multithreadingtask.factory.VanFactory- 1
2021-06-09 21:32:43 [main] INFO  org.epam.multithreadingtask.Main- 4
2021-06-09 21:32:43 [pool-2-thread-1] INFO  org.epam.multithreadingtask.entity.Terminal- Terminal 1 started processing van 5
2021-06-09 21:33:11 [main] INFO  org.epam.multithreadingtask.factory.VanFactory- 1
2021-06-09 21:33:11 [main] INFO  org.epam.multithreadingtask.factory.VanFactory- 2
2021-06-09 21:33:11 [main] INFO  org.epam.multithreadingtask.factory.VanFactory- 1
2021-06-09 21:33:11 [main] INFO  org.epam.multithreadingtask.factory.VanFactory- 1
2021-06-09 21:33:11 [main] INFO  org.epam.multithreadingtask.factory.VanFactory- 1
2021-06-09 21:33:11 [main] INFO  org.epam.multithreadingtask.factory.VanFactory- 1
2021-06-09 21:33:11 [main] INFO  org.epam.multithreadingtask.Main- 4
2021-06-09 21:33:11 [pool-2-thread-2] INFO  org.epam.multithreadingtask.entity.Terminal- Terminal 1 started processing van 6
2021-06-09 21:33:11 [pool-2-thread-2] INFO  org.epam.multithreadingtask.entity.Terminal- Terminal 1 finished processing van 6
2021-06-09 21:33:11 [pool-2-thread-4] INFO  org.epam.multithreadingtask.entity.Terminal- Terminal 3 started processing van 4
2021-06-09 21:33:11 [pool-2-thread-4] INFO  org.epam.multithreadingtask.entity.Terminal- Terminal 3 finished processing van 4
2021-06-09 21:33:11 [pool-2-thread-3] INFO  org.epam.multithreadingtask.entity.Terminal- Terminal 2 started processing van 2
2021-06-09 21:33:11 [pool-2-thread-3] INFO  org.epam.multithreadingtask.entity.Terminal- Terminal 2 finished processing van 2
2021-06-09 21:33:11 [pool-2-thread-1] INFO  org.epam.multithreadingtask.entity.Terminal- Terminal 4 started processing van 5
2021-06-09 21:33:11 [pool-2-thread-1] INFO  org.epam.multithreadingtask.entity.Terminal- Terminal 4 finished processing van 5
2021-06-09 21:33:11 [pool-2-thread-2] INFO  org.epam.multithreadingtask.entity.Terminal- Terminal 1 started processing van 3
2021-06-09 21:33:11 [pool-2-thread-2] INFO  org.epam.multithreadingtask.entity.Terminal- Terminal 1 finished processing van 3
2021-06-09 21:33:11 [pool-2-thread-4] INFO  org.epam.multithreadingtask.entity.Terminal- Terminal 3 started processing van 1
2021-06-09 21:33:11 [pool-2-thread-4] INFO  org.epam.multithreadingtask.entity.Terminal- Terminal 3 finished processing van 1
2021-06-09 21:33:40 [main] INFO  org.epam.multithreadingtask.factory.VanFactory- 1
2021-06-09 21:33:40 [main] INFO  org.epam.multithreadingtask.factory.VanFactory- 2
2021-06-09 21:33:40 [main] INFO  org.epam.multithreadingtask.factory.VanFactory- 1
