2021-06-09 21:52:23 [pool-2-thread-3] INFO  org.epam.multithreadingtask.entity.Terminal- Terminal 2 finished processing van 2
2021-06-09 21:52:23 [pool-2-thread-1] INFO  org.epam.multithreadingtask.entity.Terminal- Terminal 4 started processing van 5
2021-06-09 21:52:23 [pool-2-thread-1] INFO  org.epam.multithreadingtask.entity.Terminal- Terminal 4 finished processing van 5
2021-06-09 21:52:23 [pool-2-thread-4] INFO  org.epam.multithreadingtask.entity.Terminal- Terminal 3 started processing van 4
2021-06-09 21:52:23 [pool-2-thread-4] INFO  org.epam.multithreadingtask.entity.Terminal- Terminal 3 finished processing van 4
2021-06-09 21:52:23 [pool-2-thread-2] INFO  org.epam.multithreadingtask.entity.Terminal- Terminal 1 started processing van 3
2021-06-09 21:52:23 [pool-2-thread-2] INFO  org.epam.multithreadingtask.entity.Terminal- Terminal 1 finished processing van 3
2021-06-09 21:52:23 [pool-2-thread-3] INFO  org.epam.multithreadingtask.entity.Terminal- Terminal 2 started processing van 1
2021-06-09 21:52:23 [pool-2-thread-3] INFO  org.epam.multithreadingtask.entity.Terminal- Terminal 2 finished processing van 1
2021-06-09 21:52:25 [Timer-0] INFO  org.epam.multithreadingtask.service.VanTimerTaskService- -280
2021-06-09 21:52:27 [Timer-0] INFO  org.epam.multithreadingtask.service.VanTimerTaskService- -280
2021-06-09 21:53:29 [main] INFO  org.epam.multithreadingtask.Main- 4
2021-06-09 21:53:29 [pool-2-thread-1] INFO  org.epam.multithreadingtask.entity.Terminal- Terminal 1 started processing van 5
2021-06-09 21:53:29 [pool-2-thread-1] INFO  org.epam.multithreadingtask.entity.Terminal- Terminal 1 finished processing van 5
2021-06-09 21:53:29 [pool-2-thread-2] INFO  org.epam.multithreadingtask.entity.Terminal- Terminal 2 started processing van 6
2021-06-09 21:53:29 [pool-2-thread-2] INFO  org.epam.multithreadingtask.entity.Terminal- Terminal 2 finished processing van 6
2021-06-09 21:53:29 [pool-2-thread-2] INFO  org.epam.multithreadingtask.entity.Terminal- Terminal 2 started processing van 1
2021-06-09 21:53:29 [pool-2-thread-2] INFO  org.epam.multithreadingtask.entity.Terminal- Terminal 2 finished processing van 1
2021-06-09 21:53:29 [pool-2-thread-3] INFO  org.epam.multithreadingtask.entity.Terminal- Terminal 3 started processing van 2
2021-06-09 21:53:29 [pool-2-thread-3] INFO  org.epam.multithreadingtask.entity.Terminal- Terminal 3 finished processing van 2
2021-06-09 21:53:29 [pool-2-thread-4] INFO  org.epam.multithreadingtask.entity.Terminal- Terminal 4 started processing van 4
2021-06-09 21:53:29 [pool-2-thread-4] INFO  org.epam.multithreadingtask.entity.Terminal- Terminal 4 finished processing van 4
2021-06-09 21:53:29 [pool-2-thread-1] INFO  org.epam.multithreadingtask.entity.Terminal- Terminal 1 started processing van 3
2021-06-09 21:53:29 [pool-2-thread-1] INFO  org.epam.multithreadingtask.entity.Terminal- Terminal 1 finished processing van 3
2021-06-09 21:53:31 [Timer-0] INFO  org.epam.multithreadingtask.service.VanTimerTaskService- 292
2021-06-09 21:53:33 [Timer-0] INFO  org.epam.multithreadingtask.service.VanTimerTaskService- 292
2021-06-09 22:02:49 [main] INFO  org.epam.multithreadingtask.Main- 4
2021-06-09 22:02:49 [pool-2-thread-1] INFO  org.epam.multithreadingtask.entity.Terminal- Terminal 1 started processing van 5
2021-06-09 22:02:49 [pool-2-thread-1] INFO  org.epam.multithreadingtask.entity.Terminal- Terminal 1 finished processing van 5
2021-06-09 22:02:49 [pool-2-thread-3] INFO  org.epam.multithreadingtask.entity.Terminal- Terminal 3 started processing van 2
2021-06-09 22:02:49 [pool-2-thread-3] INFO  org.epam.multithreadingtask.entity.Terminal- Terminal 3 finished processing van 2
2021-06-09 22:02:49 [pool-2-thread-3] INFO  org.epam.multithreadingtask.entity.Terminal- Terminal 3 started processing van 1
2021-06-09 22:02:49 [pool-2-thread-3] INFO  org.epam.multithreadingtask.entity.Terminal- Terminal 3 finished processing van 1
2021-06-09 22:02:49 [pool-2-thread-4] INFO  org.epam.multithreadingtask.entity.Terminal- Terminal 4 started processing van 4
2021-06-09 22:02:49 [pool-2-thread-4] INFO  org.epam.multithreadingtask.entity.Terminal- Terminal 4 finished processing van 4
2021-06-09 22:02:49 [pool-2-thread-2] INFO  org.epam.multithreadingtask.entity.Terminal- Terminal 2 started processing van 6
2021-06-09 22:02:49 [pool-2-thread-2] INFO  org.epam.multithreadingtask.entity.Terminal- Terminal 2 finished processing van 6
2021-06-09 22:02:49 [pool-2-thread-1] INFO  org.epam.multithreadingtask.entity.Terminal- Terminal 1 started processing van 3
2021-06-09 22:02:49 [pool-2-thread-1] INFO  org.epam.multithreadingtask.entity.Terminal- Terminal 1 finished processing van 3
2021-06-09 22:02:51 [Timer-0] INFO  org.epam.multithreadingtask.service.VanTimerTaskService- 292
2021-06-09 22:02:53 [Timer-0] INFO  org.epam.multithreadingtask.service.VanTimerTaskService- 292
2021-06-09 22:25:08 [main] INFO  org.epam.multithreadingtask.Main- 4
2021-06-09 22:25:08 [pool-2-thread-1] INFO  org.epam.multithreadingtask.entity.Terminal- Terminal 1 started processing van 5
2021-06-09 22:25:08 [pool-2-thread-1] INFO  org.epam.multithreadingtask.entity.Terminal- Terminal 1 finished processing van 5
